        -:    0:Source:dominion.c
        -:    0:Graph:dominion.gcno
        -:    0:Data:dominion.gcda
        -:    0:Runs:8
        -:    0:Programs:8
        -:    1:#include "dominion.h"
        -:    2:#include "dominion_helpers.h"
        -:    3:#include "rngs.h"
        -:    4:#include <stdio.h>
        -:    5:#include <math.h>
        -:    6:#include <stdlib.h>
        -:    7:
function compare called 240 returned 100% blocks executed 83%
      240:    8:int compare(const void* a, const void* b) {
      240:    9:  if (*(int*)a > *(int*)b)
branch  0 taken 0% (fallthrough)
branch  1 taken 100%
    #####:   10:    return 1;
      240:   11:  if (*(int*)a < *(int*)b)
branch  0 taken 27% (fallthrough)
branch  1 taken 73%
       64:   12:    return -1;
      176:   13:  return 0;
        -:   14:}
        -:   15:
function newGame called 0 returned 0% blocks executed 0%
    #####:   16:struct gameState* newGame() {
    #####:   17:  struct gameState* g = malloc(sizeof(struct gameState));
    #####:   18:  return g;
        -:   19:}
        -:   20:
function kingdomCards called 0 returned 0% blocks executed 0%
    #####:   21:int* kingdomCards(int k1, int k2, int k3, int k4, int k5, int k6, int k7,
        -:   22:		  int k8, int k9, int k10) {
    #####:   23:  int* k = malloc(10 * sizeof(int));
    #####:   24:  k[0] = k1;
    #####:   25:  k[1] = k2;
    #####:   26:  k[2] = k3;
    #####:   27:  k[3] = k4;
    #####:   28:  k[4] = k5;
    #####:   29:  k[5] = k6;
    #####:   30:  k[6] = k7;
    #####:   31:  k[7] = k8;
    #####:   32:  k[8] = k9;
    #####:   33:  k[9] = k10;
    #####:   34:  return k;
        -:   35:}
        -:   36:
function initializeGame called 8 returned 100% blocks executed 88%
        8:   37:int initializeGame(int numPlayers, int kingdomCards[10], int randomSeed,
        -:   38:		   struct gameState *state) {
        -:   39:
        -:   40:  int i;
        -:   41:  int j;
        -:   42:  int it;			
        -:   43:  //set up random number generator
        8:   44:  SelectStream(1);
call    0 returned 100%
        8:   45:  PutSeed((long)randomSeed);
call    0 returned 100%
        -:   46:  
        -:   47:  //check number of players
        8:   48:  if (numPlayers > MAX_PLAYERS || numPlayers < 2)
branch  0 taken 100% (fallthrough)
branch  1 taken 0%
branch  2 taken 0% (fallthrough)
branch  3 taken 100%
        -:   49:    {
    #####:   50:      return -1;
        -:   51:    }
        -:   52:
        -:   53:  //set number of players
        8:   54:  state->numPlayers = numPlayers;
        -:   55:
        -:   56:  //check selected kingdom cards are different
       88:   57:  for (i = 0; i < 10; i++)
branch  0 taken 91%
branch  1 taken 9% (fallthrough)
        -:   58:    {
      880:   59:      for (j = 0; j < 10; j++)
branch  0 taken 91%
branch  1 taken 9% (fallthrough)
        -:   60:        {
      800:   61:	  if (j != i && kingdomCards[j] == kingdomCards[i])
branch  0 taken 90% (fallthrough)
branch  1 taken 10%
branch  2 taken 0% (fallthrough)
branch  3 taken 100%
        -:   62:	    {
    #####:   63:	      return -1;
        -:   64:	    }
        -:   65:        }
        -:   66:    }
        -:   67:
        -:   68:
        -:   69:  //initialize supply
        -:   70:  ///////////////////////////////
        -:   71:
        -:   72:  //set number of Curse cards
        8:   73:  if (numPlayers == 2)
branch  0 taken 100% (fallthrough)
branch  1 taken 0%
        -:   74:    {
        8:   75:      state->supplyCount[curse] = 10;
        -:   76:    }
    #####:   77:  else if (numPlayers == 3)
branch  0 never executed
branch  1 never executed
        -:   78:    {
    #####:   79:      state->supplyCount[curse] = 20;
        -:   80:    }
        -:   81:  else
        -:   82:    {
    #####:   83:      state->supplyCount[curse] = 30;
        -:   84:    }
        -:   85:
        -:   86:  //set number of Victory cards
        8:   87:  if (numPlayers == 2)
branch  0 taken 100% (fallthrough)
branch  1 taken 0%
        -:   88:    {
        8:   89:      state->supplyCount[estate] = 8;
        8:   90:      state->supplyCount[duchy] = 8;
        8:   91:      state->supplyCount[province] = 8;
        -:   92:    }
        -:   93:  else
        -:   94:    {
    #####:   95:      state->supplyCount[estate] = 12;
    #####:   96:      state->supplyCount[duchy] = 12;
    #####:   97:      state->supplyCount[province] = 12;
        -:   98:    }
        -:   99:
        -:  100:  //set number of Treasure cards
        8:  101:  state->supplyCount[copper] = 60 - (7 * numPlayers);
        8:  102:  state->supplyCount[silver] = 40;
        8:  103:  state->supplyCount[gold] = 30;
        -:  104:
        -:  105:  //set number of Kingdom cards
      168:  106:  for (i = adventurer; i <= treasure_map; i++)       	//loop all cards
branch  0 taken 95%
branch  1 taken 5% (fallthrough)
        -:  107:    {
     1320:  108:      for (j = 0; j < 10; j++)           		//loop chosen cards
branch  0 taken 94%
branch  1 taken 6% (fallthrough)
        -:  109:	{
     1240:  110:	  if (kingdomCards[j] == i)
branch  0 taken 6% (fallthrough)
branch  1 taken 94%
        -:  111:	    {
        -:  112:	      //check if card is a 'Victory' Kingdom card
       80:  113:	      if (kingdomCards[j] == great_hall || kingdomCards[j] == gardens)
branch  0 taken 90% (fallthrough)
branch  1 taken 10%
branch  2 taken 11% (fallthrough)
branch  3 taken 89%
        -:  114:		{
       32:  115:		  if (numPlayers == 2){ 
branch  0 taken 100% (fallthrough)
branch  1 taken 0%
       16:  116:		    state->supplyCount[i] = 8; 
        -:  117:		  }
    #####:  118:		  else{ state->supplyCount[i] = 12; }
        -:  119:		}
        -:  120:	      else
        -:  121:		{
       64:  122:		  state->supplyCount[i] = 10;
        -:  123:		}
       80:  124:	      break;
        -:  125:	    }
        -:  126:	  else    //card is not in the set choosen for the game
        -:  127:	    {
     1160:  128:	      state->supplyCount[i] = -1;
        -:  129:	    }
        -:  130:	}
        -:  131:
        -:  132:    }
        -:  133:
        -:  134:  ////////////////////////
        -:  135:  //supply intilization complete
        -:  136:
        -:  137:  //set player decks
       24:  138:  for (i = 0; i < numPlayers; i++)
branch  0 taken 67%
branch  1 taken 33% (fallthrough)
        -:  139:    {
       16:  140:      state->deckCount[i] = 0;
       64:  141:      for (j = 0; j < 3; j++)
branch  0 taken 75%
branch  1 taken 25% (fallthrough)
        -:  142:	{
       48:  143:	  state->deck[i][j] = estate;
       48:  144:	  state->deckCount[i]++;
        -:  145:	}
      128:  146:      for (j = 3; j < 10; j++)
branch  0 taken 88%
branch  1 taken 13% (fallthrough)
        -:  147:	{
      112:  148:	  state->deck[i][j] = copper;
      112:  149:	  state->deckCount[i]++;		
        -:  150:	}
        -:  151:    }
        -:  152:
        -:  153:  //shuffle player decks
       24:  154:  for (i = 0; i < numPlayers; i++)
branch  0 taken 67%
branch  1 taken 33% (fallthrough)
        -:  155:    {
       16:  156:      if ( shuffle(i, state) < 0 )
call    0 returned 100%
branch  1 taken 0% (fallthrough)
branch  2 taken 100%
        -:  157:	{
    #####:  158:	  return -1;
        -:  159:	}
        -:  160:    }
        -:  161:
        -:  162:  //draw player hands
       24:  163:  for (i = 0; i < numPlayers; i++)
branch  0 taken 67%
branch  1 taken 33% (fallthrough)
        -:  164:    {  
        -:  165:      //initialize hand size to zero
       16:  166:      state->handCount[i] = 0;
       16:  167:      state->discardCount[i] = 0;
        -:  168:      //draw 5 cards
        -:  169:      // for (j = 0; j < 5; j++)
        -:  170:      //	{
        -:  171:      //	  drawCard(i, state);
        -:  172:      //	}
        -:  173:    }
        -:  174:  
        -:  175:  //set embargo tokens to 0 for all supply piles
      224:  176:  for (i = 0; i <= treasure_map; i++)
branch  0 taken 96%
branch  1 taken 4% (fallthrough)
        -:  177:    {
      216:  178:      state->embargoTokens[i] = 0;
        -:  179:    }
        -:  180:
        -:  181:  //initialize first player's turn
        8:  182:  state->outpostPlayed = 0;
        8:  183:  state->phase = 0;
        8:  184:  state->numActions = 1;
        8:  185:  state->numBuys = 1;
        8:  186:  state->playedCardCount = 0;
        8:  187:  state->whoseTurn = 0;
        8:  188:  state->handCount[state->whoseTurn] = 0;
        -:  189:  //int it; move to top
        -:  190:
        -:  191:  //Moved draw cards to here, only drawing at the start of a turn
       48:  192:  for (it = 0; it < 5; it++){
branch  0 taken 83%
branch  1 taken 17% (fallthrough)
       40:  193:    drawCard(state->whoseTurn, state);
call    0 returned 100%
        -:  194:  }
        -:  195:
        8:  196:  updateCoins(state->whoseTurn, state, 0);
call    0 returned 100%
        -:  197:
        8:  198:  return 0;
        -:  199:}
        -:  200:
function shuffle called 16 returned 100% blocks executed 94%
       16:  201:int shuffle(int player, struct gameState *state) {
        -:  202: 
        -:  203:
        -:  204:  int newDeck[MAX_DECK];
       16:  205:  int newDeckPos = 0;
        -:  206:  int card;
        -:  207:  int i;
        -:  208:
       16:  209:  if (state->deckCount[player] < 1)
branch  0 taken 0% (fallthrough)
branch  1 taken 100%
    #####:  210:    return -1;
       16:  211:  qsort ((void*)(state->deck[player]), state->deckCount[player], sizeof(int), compare); 
call    0 returned 100%
        -:  212:  /* SORT CARDS IN DECK TO ENSURE DETERMINISM! */
        -:  213:
      192:  214:  while (state->deckCount[player] > 0) {
branch  0 taken 91%
branch  1 taken 9% (fallthrough)
      160:  215:    card = floor(Random() * state->deckCount[player]);
call    0 returned 100%
      160:  216:    newDeck[newDeckPos] = state->deck[player][card];
      160:  217:    newDeckPos++;
      536:  218:    for (i = card; i < state->deckCount[player]-1; i++) {
branch  0 taken 70%
branch  1 taken 30% (fallthrough)
      376:  219:      state->deck[player][i] = state->deck[player][i+1];
        -:  220:    }
      160:  221:    state->deckCount[player]--;
        -:  222:  }
      176:  223:  for (i = 0; i < newDeckPos; i++) {
branch  0 taken 91%
branch  1 taken 9% (fallthrough)
      160:  224:    state->deck[player][i] = newDeck[i];
      160:  225:    state->deckCount[player]++;
        -:  226:  }
        -:  227:
       16:  228:  return 0;
        -:  229:}
        -:  230:
function playCard called 0 returned 0% blocks executed 0%
    #####:  231:int playCard(int handPos, int choice1, int choice2, int choice3, struct gameState *state) 
        -:  232:{	
        -:  233:  int card;
    #####:  234:  int coin_bonus = 0; 		//tracks coins gain from actions
        -:  235:
        -:  236:  //check if it is the right phase
    #####:  237:  if (state->phase != 0)
branch  0 never executed
branch  1 never executed
        -:  238:    {
    #####:  239:      return -1;
        -:  240:    }
        -:  241:	
        -:  242:  //check if player has enough actions
    #####:  243:  if ( state->numActions < 1 )
branch  0 never executed
branch  1 never executed
        -:  244:    {
    #####:  245:      return -1;
        -:  246:    }
        -:  247:	
        -:  248:  //get card played
    #####:  249:  card = handCard(handPos, state);
call    0 never executed
        -:  250:	
        -:  251:  //check if selected card is an action
    #####:  252:  if ( card < adventurer || card > treasure_map )
branch  0 never executed
branch  1 never executed
branch  2 never executed
branch  3 never executed
        -:  253:    {
    #####:  254:      return -1;
        -:  255:    }
        -:  256:	
        -:  257:  //play card
    #####:  258:  if ( cardEffect(card, choice1, choice2, choice3, state, handPos, &coin_bonus) < 0 )
call    0 never executed
branch  1 never executed
branch  2 never executed
        -:  259:    {
    #####:  260:      return -1;
        -:  261:    }
        -:  262:	
        -:  263:  //reduce number of actions
    #####:  264:  state->numActions--;
        -:  265:
        -:  266:  //update coins (Treasure cards may be added with card draws)
    #####:  267:  updateCoins(state->whoseTurn, state, coin_bonus);
call    0 never executed
        -:  268:	
    #####:  269:  return 0;
        -:  270:}
        -:  271:
function buyCard called 0 returned 0% blocks executed 0%
    #####:  272:int buyCard(int supplyPos, struct gameState *state) {
        -:  273:  int who;
        -:  274:  if (DEBUG){
        -:  275:    printf("Entering buyCard...\n");
        -:  276:  }
        -:  277:
        -:  278:  // I don't know what to do about the phase thing.
        -:  279:
    #####:  280:  who = state->whoseTurn;
        -:  281:
    #####:  282:  if (state->numBuys < 1){
branch  0 never executed
branch  1 never executed
        -:  283:    if (DEBUG)
        -:  284:      printf("You do not have any buys left\n");
    #####:  285:    return -1;
    #####:  286:  } else if (supplyCount(supplyPos, state) <1){
call    0 never executed
branch  1 never executed
branch  2 never executed
        -:  287:    if (DEBUG)
        -:  288:      printf("There are not any of that type of card left\n");
    #####:  289:    return -1;
    #####:  290:  } else if (state->coins < getCost(supplyPos)){
call    0 never executed
branch  1 never executed
branch  2 never executed
        -:  291:    if (DEBUG) 
        -:  292:      printf("You do not have enough money to buy that. You have %d coins.\n", state->coins);
    #####:  293:    return -1;
        -:  294:  } else {
    #####:  295:    state->phase=1;
        -:  296:    //state->supplyCount[supplyPos]--;
    #####:  297:    gainCard(supplyPos, state, 0, who); //card goes in discard, this might be wrong.. (2 means goes into hand, 0 goes into discard)
call    0 never executed
        -:  298:  
    #####:  299:    state->coins = (state->coins) - (getCost(supplyPos));
call    0 never executed
    #####:  300:    state->numBuys--;
        -:  301:    if (DEBUG)
        -:  302:      printf("You bought card number %d for %d coins. You now have %d buys and %d coins.\n", supplyPos, getCost(supplyPos), state->numBuys, state->coins);
        -:  303:  }
        -:  304:
        -:  305:  //state->discard[who][state->discardCount[who]] = supplyPos;
        -:  306:  //state->discardCount[who]++;
        -:  307:    
    #####:  308:  return 0;
        -:  309:}
        -:  310:
function numHandCards called 0 returned 0% blocks executed 0%
    #####:  311:int numHandCards(struct gameState *state) {
    #####:  312:  return state->handCount[ whoseTurn(state) ];
call    0 never executed
        -:  313:}
        -:  314:
function handCard called 0 returned 0% blocks executed 0%
    #####:  315:int handCard(int handPos, struct gameState *state) {
    #####:  316:  int currentPlayer = whoseTurn(state);
call    0 never executed
    #####:  317:  return state->hand[currentPlayer][handPos];
        -:  318:}
        -:  319:
function supplyCount called 4 returned 100% blocks executed 100%
        4:  320:int supplyCount(int card, struct gameState *state) {
        4:  321:  return state->supplyCount[card];
        -:  322:}
        -:  323:
function fullDeckCount called 0 returned 0% blocks executed 0%
    #####:  324:int fullDeckCount(int player, int card, struct gameState *state) {
        -:  325:  int i;
    #####:  326:  int count = 0;
        -:  327:
    #####:  328:  for (i = 0; i < state->deckCount[player]; i++)
branch  0 never executed
branch  1 never executed
        -:  329:    {
    #####:  330:      if (state->deck[player][i] == card) count++;
branch  0 never executed
branch  1 never executed
        -:  331:    }
        -:  332:
    #####:  333:  for (i = 0; i < state->handCount[player]; i++)
branch  0 never executed
branch  1 never executed
        -:  334:    {
    #####:  335:      if (state->hand[player][i] == card) count++;
branch  0 never executed
branch  1 never executed
        -:  336:    }
        -:  337:
    #####:  338:  for (i = 0; i < state->discardCount[player]; i++)
branch  0 never executed
branch  1 never executed
        -:  339:    {
    #####:  340:      if (state->discard[player][i] == card) count++;
branch  0 never executed
branch  1 never executed
        -:  341:    }
        -:  342:
    #####:  343:  return count;
        -:  344:}
        -:  345:
function whoseTurn called 13 returned 100% blocks executed 100%
       13:  346:int whoseTurn(struct gameState *state) {
       13:  347:  return state->whoseTurn;
        -:  348:}
        -:  349:
function endTurn called 2 returned 100% blocks executed 100%
        2:  350:int endTurn(struct gameState *state) {
        -:  351:  int k;
        -:  352:  int i;
        2:  353:  int currentPlayer = whoseTurn(state);
call    0 returned 100%
        -:  354:  
        -:  355:  //Discard hand
       12:  356:  for (i = 0; i < state->handCount[currentPlayer]; i++){
branch  0 taken 83%
branch  1 taken 17% (fallthrough)
       10:  357:    state->discard[currentPlayer][state->discardCount[currentPlayer]++] = state->hand[currentPlayer][i];//Discard
       10:  358:    state->hand[currentPlayer][i] = -1;//Set card to -1
        -:  359:  }
        2:  360:  state->handCount[currentPlayer] = 0;//Reset hand count
        -:  361:    
        -:  362:  //Code for determining the player
        2:  363:  if (currentPlayer < (state->numPlayers - 1)){ 
branch  0 taken 50% (fallthrough)
branch  1 taken 50%
        1:  364:    state->whoseTurn = currentPlayer + 1;//Still safe to increment
        -:  365:  }
        -:  366:  else{
        1:  367:    state->whoseTurn = 0;//Max player has been reached, loop back around to player 1
        -:  368:  }
        -:  369:
        2:  370:  state->outpostPlayed = 0;
        2:  371:  state->phase = 0;
        2:  372:  state->numActions = 1;
        2:  373:  state->coins = 0;
        2:  374:  state->numBuys = 1;
        2:  375:  state->playedCardCount = 0;
        2:  376:  state->handCount[state->whoseTurn] = 0;
        -:  377:
        -:  378:  //int k; move to top
        -:  379:  //Next player draws hand
       12:  380:  for (k = 0; k < 5; k++){
branch  0 taken 83%
branch  1 taken 17% (fallthrough)
       10:  381:    drawCard(state->whoseTurn, state);//Draw a card
call    0 returned 100%
        -:  382:  }
        -:  383:
        -:  384:  //Update money
        2:  385:  updateCoins(state->whoseTurn, state , 0);
call    0 returned 100%
        -:  386:
        2:  387:  return 0;
        -:  388:}
        -:  389:
function isGameOver called 4 returned 100% blocks executed 100%
        4:  390:int isGameOver(struct gameState *state) {
        -:  391:  int i;
        -:  392:  int j;
        -:  393:	
        -:  394:  //if stack of Province cards is empty, the game ends
        4:  395:  if (state->supplyCount[province] == 0)
branch  0 taken 25% (fallthrough)
branch  1 taken 75%
        -:  396:    {
        1:  397:      return 1;
        -:  398:    }
        -:  399:
        -:  400:  //if three supply pile are at 0, the game ends
        3:  401:  j = 0;
       78:  402:  for (i = 0; i < 25; i++)
branch  0 taken 96%
branch  1 taken 4% (fallthrough)
        -:  403:    {
       75:  404:      if (state->supplyCount[i] == 0)
branch  0 taken 7% (fallthrough)
branch  1 taken 93%
        -:  405:	{
        5:  406:	  j++;
        -:  407:	}
        -:  408:    }
        3:  409:  if ( j >= 3)
branch  0 taken 33% (fallthrough)
branch  1 taken 67%
        -:  410:    {
        1:  411:      return 1;
        -:  412:    }
        -:  413:
        2:  414:  return 0;
        -:  415:}
        -:  416:
function scoreFor called 0 returned 0% blocks executed 0%
    #####:  417:int scoreFor (int player, struct gameState *state) {
        -:  418:
        -:  419:  int i;
    #####:  420:  int score = 0;
        -:  421:  //score from hand
    #####:  422:  for (i = 0; i < state->handCount[player]; i++)
branch  0 never executed
branch  1 never executed
        -:  423:    {
    #####:  424:      if (state->hand[player][i] == curse) { score = score - 1; };
branch  0 never executed
branch  1 never executed
    #####:  425:      if (state->hand[player][i] == estate) { score = score + 1; };
branch  0 never executed
branch  1 never executed
    #####:  426:      if (state->hand[player][i] == duchy) { score = score + 3; };
branch  0 never executed
branch  1 never executed
    #####:  427:      if (state->hand[player][i] == province) { score = score + 6; };
branch  0 never executed
branch  1 never executed
    #####:  428:      if (state->hand[player][i] == great_hall) { score = score + 1; };
branch  0 never executed
branch  1 never executed
    #####:  429:      if (state->hand[player][i] == gardens) { score = score + ( fullDeckCount(player, 0, state) / 10 ); };
branch  0 never executed
branch  1 never executed
call    2 never executed
        -:  430:    }
        -:  431:
        -:  432:  //score from discard
    #####:  433:  for (i = 0; i < state->discardCount[player]; i++)
branch  0 never executed
branch  1 never executed
        -:  434:    {
    #####:  435:      if (state->discard[player][i] == curse) { score = score - 1; };
branch  0 never executed
branch  1 never executed
    #####:  436:      if (state->discard[player][i] == estate) { score = score + 1; };
branch  0 never executed
branch  1 never executed
    #####:  437:      if (state->discard[player][i] == duchy) { score = score + 3; };
branch  0 never executed
branch  1 never executed
    #####:  438:      if (state->discard[player][i] == province) { score = score + 6; };
branch  0 never executed
branch  1 never executed
    #####:  439:      if (state->discard[player][i] == great_hall) { score = score + 1; };
branch  0 never executed
branch  1 never executed
    #####:  440:      if (state->discard[player][i] == gardens) { score = score + ( fullDeckCount(player, 0, state) / 10 ); };
branch  0 never executed
branch  1 never executed
call    2 never executed
        -:  441:    }
        -:  442:
        -:  443:  //score from deck
    #####:  444:  for (i = 0; i < state->discardCount[player]; i++)
branch  0 never executed
branch  1 never executed
        -:  445:    {
    #####:  446:      if (state->deck[player][i] == curse) { score = score - 1; };
branch  0 never executed
branch  1 never executed
    #####:  447:      if (state->deck[player][i] == estate) { score = score + 1; };
branch  0 never executed
branch  1 never executed
    #####:  448:      if (state->deck[player][i] == duchy) { score = score + 3; };
branch  0 never executed
branch  1 never executed
    #####:  449:      if (state->deck[player][i] == province) { score = score + 6; };
branch  0 never executed
branch  1 never executed
    #####:  450:      if (state->deck[player][i] == great_hall) { score = score + 1; };
branch  0 never executed
branch  1 never executed
    #####:  451:      if (state->deck[player][i] == gardens) { score = score + ( fullDeckCount(player, 0, state) / 10 ); };
branch  0 never executed
branch  1 never executed
call    2 never executed
        -:  452:    }
        -:  453:
    #####:  454:  return score;
        -:  455:}
        -:  456:
function getWinners called 0 returned 0% blocks executed 0%
    #####:  457:int getWinners(int players[MAX_PLAYERS], struct gameState *state) {
        -:  458:  int i;	
        -:  459:  int j;
        -:  460:  int highScore;
        -:  461:  int currentPlayer;
        -:  462:
        -:  463:  //get score for each player
    #####:  464:  for (i = 0; i < MAX_PLAYERS; i++)
branch  0 never executed
branch  1 never executed
        -:  465:    {
        -:  466:      //set unused player scores to -9999
    #####:  467:      if (i >= state->numPlayers)
branch  0 never executed
branch  1 never executed
        -:  468:	{
    #####:  469:	  players[i] = -9999;
        -:  470:	}
        -:  471:      else
        -:  472:	{
    #####:  473:	  players[i] = scoreFor (i, state);
call    0 never executed
        -:  474:	}
        -:  475:    }
        -:  476:
        -:  477:  //find highest score
    #####:  478:  j = 0;
    #####:  479:  for (i = 0; i < MAX_PLAYERS; i++)
branch  0 never executed
branch  1 never executed
        -:  480:    {
    #####:  481:      if (players[i] > players[j])
branch  0 never executed
branch  1 never executed
        -:  482:	{
    #####:  483:	  j = i;
        -:  484:	}
        -:  485:    }
    #####:  486:  highScore = players[j];
        -:  487:
        -:  488:  //add 1 to players who had less turns
    #####:  489:  currentPlayer = whoseTurn(state);
call    0 never executed
    #####:  490:  for (i = 0; i < MAX_PLAYERS; i++)
branch  0 never executed
branch  1 never executed
        -:  491:    {
    #####:  492:      if ( players[i] == highScore && i > currentPlayer )
branch  0 never executed
branch  1 never executed
branch  2 never executed
branch  3 never executed
        -:  493:	{
    #####:  494:	  players[i]++;
        -:  495:	}
        -:  496:    }
        -:  497:
        -:  498:  //find new highest score
    #####:  499:  j = 0;
    #####:  500:  for (i = 0; i < MAX_PLAYERS; i++)
branch  0 never executed
branch  1 never executed
        -:  501:    {
    #####:  502:      if ( players[i] > players[j] )
branch  0 never executed
branch  1 never executed
        -:  503:	{
    #####:  504:	  j = i;
        -:  505:	}
        -:  506:    }
    #####:  507:  highScore = players[j];
        -:  508:
        -:  509:  //set winners in array to 1 and rest to 0
    #####:  510:  for (i = 0; i < MAX_PLAYERS; i++)
branch  0 never executed
branch  1 never executed
        -:  511:    {
    #####:  512:      if ( players[i] == highScore )
branch  0 never executed
branch  1 never executed
        -:  513:	{
    #####:  514:	  players[i] = 1;
        -:  515:	}
        -:  516:      else
        -:  517:	{
    #####:  518:	  players[i] = 0;
        -:  519:	}
        -:  520:    }
        -:  521:
    #####:  522:  return 0;
        -:  523:}
        -:  524:
function drawCard called 57 returned 100% blocks executed 38%
       57:  525:int drawCard(int player, struct gameState *state)
        -:  526:{	int count;
        -:  527:  int deckCounter;
       57:  528:  if (state->deckCount[player] <= 0){//Deck is empty
branch  0 taken 0% (fallthrough)
branch  1 taken 100%
        -:  529:    
        -:  530:    //Step 1 Shuffle the discard pile back into a deck
        -:  531:    int i;
        -:  532:    //Move discard to deck
    #####:  533:    for (i = 0; i < state->discardCount[player];i++){
branch  0 never executed
branch  1 never executed
    #####:  534:      state->deck[player][i] = state->discard[player][i];
    #####:  535:      state->discard[player][i] = -1;
        -:  536:    }
        -:  537:
    #####:  538:    state->deckCount[player] = state->discardCount[player];
    #####:  539:    state->discardCount[player] = 0;//Reset discard
        -:  540:
        -:  541:    //Shufffle the deck
    #####:  542:    shuffle(player, state);//Shuffle the deck up and make it so that we can draw
call    0 never executed
        -:  543:   
        -:  544:    if (DEBUG){//Debug statements
        -:  545:      printf("Deck count now: %d\n", state->deckCount[player]);
        -:  546:    }
        -:  547:    
    #####:  548:    state->discardCount[player] = 0;
        -:  549:
        -:  550:    //Step 2 Draw Card
    #####:  551:    count = state->handCount[player];//Get current player's hand count
        -:  552:    
        -:  553:    if (DEBUG){//Debug statements
        -:  554:      printf("Current hand count: %d\n", count);
        -:  555:    }
        -:  556:    
    #####:  557:    deckCounter = state->deckCount[player];//Create a holder for the deck count
        -:  558:
    #####:  559:    if (deckCounter == 0)
branch  0 never executed
branch  1 never executed
    #####:  560:      return -1;
        -:  561:
    #####:  562:    state->hand[player][count] = state->deck[player][deckCounter - 1];//Add card to hand
    #####:  563:    state->deckCount[player]--;
    #####:  564:    state->handCount[player]++;//Increment hand count
        -:  565:  }
        -:  566:
        -:  567:  else{
       57:  568:    int count = state->handCount[player];//Get current hand count for player
        -:  569:    int deckCounter;
        -:  570:    if (DEBUG){//Debug statements
        -:  571:      printf("Current hand count: %d\n", count);
        -:  572:    }
        -:  573:
       57:  574:    deckCounter = state->deckCount[player];//Create holder for the deck count
       57:  575:    state->hand[player][count] = state->deck[player][deckCounter - 1];//Add card to the hand
       57:  576:    state->deckCount[player]--;
       57:  577:    state->handCount[player]++;//Increment hand count
        -:  578:  }
        -:  579:
       57:  580:  return 0;
        -:  581:}
        -:  582:
function getCost called 0 returned 0% blocks executed 0%
    #####:  583:int getCost(int cardNumber)
        -:  584:{
    #####:  585:  switch( cardNumber ) 
branch  0 never executed
branch  1 never executed
branch  2 never executed
branch  3 never executed
branch  4 never executed
branch  5 never executed
branch  6 never executed
branch  7 never executed
branch  8 never executed
branch  9 never executed
branch 10 never executed
branch 11 never executed
branch 12 never executed
branch 13 never executed
branch 14 never executed
branch 15 never executed
branch 16 never executed
branch 17 never executed
branch 18 never executed
branch 19 never executed
branch 20 never executed
branch 21 never executed
branch 22 never executed
branch 23 never executed
branch 24 never executed
branch 25 never executed
branch 26 never executed
branch 27 never executed
        -:  586:    {
        -:  587:    case curse:
    #####:  588:      return 0;
        -:  589:    case estate:
    #####:  590:      return 2;
        -:  591:    case duchy:
    #####:  592:      return 5;
        -:  593:    case province:
    #####:  594:      return 8;
        -:  595:    case copper:
    #####:  596:      return 0;
        -:  597:    case silver:
    #####:  598:      return 3;
        -:  599:    case gold:
    #####:  600:      return 6;
        -:  601:    case adventurer:
    #####:  602:      return 6;
        -:  603:    case council_room:
    #####:  604:      return 5;
        -:  605:    case feast:
    #####:  606:      return 4;
        -:  607:    case gardens:
    #####:  608:      return 4;
        -:  609:    case mine:
    #####:  610:      return 5;
        -:  611:    case remodel:
    #####:  612:      return 4;
        -:  613:    case smithy:
    #####:  614:      return 4;
        -:  615:    case village:
    #####:  616:      return 3;
        -:  617:    case baron:
    #####:  618:      return 4;
        -:  619:    case great_hall:
    #####:  620:      return 3;
        -:  621:    case minion:
    #####:  622:      return 5;
        -:  623:    case steward:
    #####:  624:      return 3;
        -:  625:    case tribute:
    #####:  626:      return 5;
        -:  627:    case ambassador:
    #####:  628:      return 3;
        -:  629:    case cutpurse:
    #####:  630:      return 4;
        -:  631:    case embargo: 
    #####:  632:      return 2;
        -:  633:    case outpost:
    #####:  634:      return 5;
        -:  635:    case salvager:
    #####:  636:      return 4;
        -:  637:    case sea_hag:
    #####:  638:      return 4;
        -:  639:    case treasure_map:
    #####:  640:      return 4;
        -:  641:    }
        -:  642:	
    #####:  643:  return -1;
        -:  644:}
        -:  645:
        -:  646:
        -:  647:/*************************************
        -:  648: *
        -:  649: * Writen functions for Smithy, Adventurer, Village, Outpost, and Mine cards
        -:  650: *
        -:  651:*************************************/
        -:  652:
function smithyEffect called 1 returned 100% blocks executed 100%
        1:  653:int smithyEffect(int currentPlayer, struct gameState *state, int handPos){
        -:  654:      
        -:  655:      int i;
        -:  656:
        -:  657:      //+3 Cards
        4:  658:      for (i = 0; i < 3; i++)
branch  0 taken 75%
branch  1 taken 25% (fallthrough)
        -:  659:	{
        3:  660:	  drawCard(currentPlayer, state);
call    0 returned 100%
        -:  661:	}
        -:  662:			
        -:  663:      //discard card from hand
        1:  664:      discardCard(handPos, currentPlayer, state, 1); //BUG: 1 is passed instead of 0, so card is trashed
call    0 returned 100%
        1:  665:      return 0;
        -:  666:}
        -:  667:
function adventurerEffect called 1 returned 100% blocks executed 71%
        1:  668:int adventurerEffect(int drawntreasure, struct gameState *state, int currentPlayer, int cardDrawn, int temphand[MAX_HAND], int z){
        -:  669:
        4:  670:      while(drawntreasure<2){
branch  0 taken 67%
branch  1 taken 33% (fallthrough)
        2:  671:	if (state->deckCount[currentPlayer] <1){//if the deck is empty we need to shuffle discard and add to deck
        -:  672:	  //shuffle(currentPlayer, state);
        -:  673:	  //BUG: The shuffle function call has been commented out
        -:  674:	}
        2:  675:	drawCard(currentPlayer, state);
call    0 returned 100%
        2:  676:	cardDrawn = state->hand[currentPlayer][state->handCount[currentPlayer]-1];//top card of hand is most recently drawn card.
        2:  677:	if (cardDrawn == copper || cardDrawn == silver || cardDrawn == gold)
branch  0 taken 0% (fallthrough)
branch  1 taken 100%
branch  2 never executed
branch  3 never executed
branch  4 never executed
branch  5 never executed
        2:  678:	  drawntreasure++;
        -:  679:	else{
    #####:  680:	  temphand[z]=cardDrawn;
    #####:  681:	  state->handCount[currentPlayer]--; //this should just remove the top card (the most recently drawn one).
    #####:  682:	  z++;
        -:  683:	}
        -:  684:      }
        2:  685:      while(z-1>=0){
branch  0 taken 0%
branch  1 taken 100% (fallthrough)
    #####:  686:	state->discard[currentPlayer][state->discardCount[currentPlayer]++]=temphand[z-1]; // discard all cards in play that have been drawn
    #####:  687:	z=z-1;
        -:  688:      }
        1:  689:      return 0;
        -:  690:
        -:  691:}
        -:  692:
function villageEffect called 1 returned 100% blocks executed 100%
        1:  693:int villageEffect(int currentPlayer, struct gameState *state, int handPos){
        -:  694:
        -:  695:      //+1 Card
        1:  696:      drawCard(currentPlayer, state);
call    0 returned 100%
        -:  697:			
        -:  698:      //+2 Actions
        1:  699:      state->numActions = state->numActions + 1; //BUG: Only adding 1 action instead of two
        -:  700:			
        -:  701:      //discard played card from hand
        1:  702:      discardCard(handPos, currentPlayer, state, 0);
call    0 returned 100%
        1:  703:      return 0;
        -:  704:
        -:  705:}
        -:  706:
function outpostEffect called 0 returned 0% blocks executed 0%
    #####:  707:int outpostEffect(int currentPlayer, struct gameState *state, int handPos){
        -:  708:
        -:  709:      //set outpost flag
    #####:  710:      state->outpostPlayed++;
        -:  711:			
        -:  712:      //discard card
    #####:  713:      discardCard(handPos, currentPlayer, state, 0);
call    0 never executed
    #####:  714:      return 0;	
        -:  715:
        -:  716:}
        -:  717:
function mineEffect called 0 returned 0% blocks executed 0%
    #####:  718:int mineEffect(int currentPlayer, struct gameState *state, int choice1, int choice2, int handPos){
        -:  719:      
        -:  720:      int i;
        -:  721:      int j;
        -:  722:
    #####:  723:      j = state->hand[currentPlayer][choice1];  //store card we will trash
        -:  724:
    #####:  725:      if (state->hand[currentPlayer][choice1] < copper || state->hand[currentPlayer][choice1] > gold)
branch  0 never executed
branch  1 never executed
branch  2 never executed
branch  3 never executed
        -:  726:	{
    #####:  727:	  return -1;
        -:  728:	}
        -:  729:		
    #####:  730:      if (choice2 < treasure_map || choice2 > curse)
branch  0 never executed
branch  1 never executed
branch  2 never executed
branch  3 never executed
        -:  731:	{
    #####:  732:	  return -1;
        -:  733:	}
        -:  734:
    #####:  735:      if ( (getCost(state->hand[currentPlayer][choice1]) + 3) > getCost(choice2) )
call    0 never executed
call    1 never executed
branch  2 never executed
branch  3 never executed
        -:  736:	{
    #####:  737:	  return -1;
        -:  738:	}
        -:  739:
    #####:  740:      gainCard(choice2, state, 2, currentPlayer);
call    0 never executed
        -:  741:
        -:  742:      //discard card from hand
    #####:  743:      discardCard(handPos, currentPlayer, state, 0);
call    0 never executed
        -:  744:
        -:  745:      //discard trashed card
    #####:  746:      for (i = 0; i < state->handCount[currentPlayer]; i++)
branch  0 never executed
branch  1 never executed
        -:  747:	{
    #####:  748:	  if (state->hand[currentPlayer][i] == j)
branch  0 never executed
branch  1 never executed
        -:  749:	    {
    #####:  750:	      discardCard(i, currentPlayer, state, 0);			
call    0 never executed
    #####:  751:	      break;
        -:  752:	    }
        -:  753:	}
        -:  754:			
    #####:  755:      return 0;	
        -:  756:
        -:  757:}
        -:  758:
function cardEffect called 4 returned 100% blocks executed 5%
        4:  759:int cardEffect(int card, int choice1, int choice2, int choice3, struct gameState *state, int handPos, int *bonus)
        -:  760:{
        -:  761:  int i;
        -:  762:  int j;
        -:  763:  int k;
        -:  764:  int x;
        -:  765:  int index;
        4:  766:  int currentPlayer = whoseTurn(state);
call    0 returned 100%
        4:  767:  int nextPlayer = currentPlayer + 1;
        -:  768:
        4:  769:  int tributeRevealedCards[2] = {-1, -1};
        -:  770:  int temphand[MAX_HAND];// moved above the if statement
        4:  771:  int drawntreasure=0;
        -:  772:  int cardDrawn;
        4:  773:  int z = 0;// this is the counter for the temp hand
        4:  774:  if (nextPlayer > (state->numPlayers - 1)){
branch  0 taken 0% (fallthrough)
branch  1 taken 100%
    #####:  775:    nextPlayer = 0;
        -:  776:  }
        -:  777:  
        -:  778:	
        -:  779:  //uses switch to select card and perform actions
        4:  780:  switch( card ) 
branch  0 taken 25%
branch  1 taken 0%
branch  2 taken 0%
branch  3 taken 0%
branch  4 taken 0%
branch  5 taken 0%
branch  6 taken 25%
branch  7 taken 25%
branch  8 taken 0%
branch  9 taken 25%
branch 10 taken 0%
branch 11 taken 0%
branch 12 taken 0%
branch 13 taken 0%
branch 14 taken 0%
branch 15 taken 0%
branch 16 taken 0%
branch 17 taken 0%
branch 18 taken 0%
branch 19 taken 0%
branch 20 taken 0%
        -:  781:    {
        -:  782:    case adventurer:
        -:  783:
        1:  784:      return adventurerEffect(drawntreasure, state, currentPlayer, cardDrawn, temphand, z);
call    0 returned 100%
        -:  785:		
        -:  786:    case council_room:
        -:  787:      //+4 Cards
    #####:  788:      for (i = 0; i < 4; i++)
branch  0 never executed
branch  1 never executed
        -:  789:	{
    #####:  790:	  drawCard(currentPlayer, state);
call    0 never executed
        -:  791:	}
        -:  792:			
        -:  793:      //+1 Buy
    #####:  794:      state->numBuys++;
        -:  795:			
        -:  796:      //Each other player draws a card
    #####:  797:      for (i = 0; i < state->numPlayers; i++)
branch  0 never executed
branch  1 never executed
        -:  798:	{
    #####:  799:	  if ( i != currentPlayer )
branch  0 never executed
branch  1 never executed
        -:  800:	    {
    #####:  801:	      drawCard(i, state);
call    0 never executed
        -:  802:	    }
        -:  803:	}
        -:  804:			
        -:  805:      //put played card in played card pile
    #####:  806:      discardCard(handPos, currentPlayer, state, 0);
call    0 never executed
        -:  807:			
    #####:  808:      return 0;
        -:  809:			
        -:  810:    case feast:
        -:  811:      //gain card with cost up to 5
        -:  812:      //Backup hand
    #####:  813:      for (i = 0; i <= state->handCount[currentPlayer]; i++){
branch  0 never executed
branch  1 never executed
    #####:  814:	temphand[i] = state->hand[currentPlayer][i];//Backup card
    #####:  815:	state->hand[currentPlayer][i] = -1;//Set to nothing
        -:  816:      }
        -:  817:      //Backup hand
        -:  818:
        -:  819:      //Update Coins for Buy
    #####:  820:      updateCoins(currentPlayer, state, 5);
call    0 never executed
    #####:  821:      x = 1;//Condition to loop on
    #####:  822:      while( x == 1) {//Buy one card
branch  0 never executed
branch  1 never executed
    #####:  823:	if (supplyCount(choice1, state) <= 0){
call    0 never executed
branch  1 never executed
branch  2 never executed
        -:  824:	  if (DEBUG)
        -:  825:	    printf("None of that card left, sorry!\n");
        -:  826:
        -:  827:	  if (DEBUG){
        -:  828:	    printf("Cards Left: %d\n", supplyCount(choice1, state));
        -:  829:	  }
        -:  830:	}
    #####:  831:	else if (state->coins < getCost(choice1)){
call    0 never executed
branch  1 never executed
branch  2 never executed
    #####:  832:	  printf("That card is too expensive!\n");
call    0 never executed
        -:  833:
        -:  834:	  if (DEBUG){
        -:  835:	    printf("Coins: %d < %d\n", state->coins, getCost(choice1));
        -:  836:	  }
        -:  837:	}
        -:  838:	else{
        -:  839:
        -:  840:	  if (DEBUG){
        -:  841:	    printf("Deck Count: %d\n", state->handCount[currentPlayer] + state->deckCount[currentPlayer] + state->discardCount[currentPlayer]);
        -:  842:	  }
        -:  843:
    #####:  844:	  gainCard(choice1, state, 0, currentPlayer);//Gain the card
call    0 never executed
    #####:  845:	  x = 0;//No more buying cards
        -:  846:
        -:  847:	  if (DEBUG){
        -:  848:	    printf("Deck Count: %d\n", state->handCount[currentPlayer] + state->deckCount[currentPlayer] + state->discardCount[currentPlayer]);
        -:  849:	  }
        -:  850:
        -:  851:	}
        -:  852:      }     
        -:  853:
        -:  854:      //Reset Hand
    #####:  855:      for (i = 0; i <= state->handCount[currentPlayer]; i++){
branch  0 never executed
branch  1 never executed
    #####:  856:	state->hand[currentPlayer][i] = temphand[i];
    #####:  857:	temphand[i] = -1;
        -:  858:      }
        -:  859:      //Reset Hand
        -:  860:      			
    #####:  861:      return 0;
        -:  862:			
        -:  863:    case gardens:
    #####:  864:      return -1;
        -:  865:			
        -:  866:    case mine:
        -:  867:
    #####:  868:      return mineEffect(currentPlayer, state, choice1, choice2, handPos);
call    0 never executed
        -:  869:		
        -:  870:    case remodel:
    #####:  871:      j = state->hand[currentPlayer][choice1];  //store card we will trash
        -:  872:
    #####:  873:      if ( (getCost(state->hand[currentPlayer][choice1]) + 2) > getCost(choice2) )
call    0 never executed
call    1 never executed
branch  2 never executed
branch  3 never executed
        -:  874:	{
    #####:  875:	  return -1;
        -:  876:	}
        -:  877:
    #####:  878:      gainCard(choice2, state, 0, currentPlayer);
call    0 never executed
        -:  879:
        -:  880:      //discard card from hand
    #####:  881:      discardCard(handPos, currentPlayer, state, 0);
call    0 never executed
        -:  882:
        -:  883:      //discard trashed card
    #####:  884:      for (i = 0; i < state->handCount[currentPlayer]; i++)
branch  0 never executed
branch  1 never executed
        -:  885:	{
    #####:  886:	  if (state->hand[currentPlayer][i] == j)
branch  0 never executed
branch  1 never executed
        -:  887:	    {
    #####:  888:	      discardCard(i, currentPlayer, state, 0);			
call    0 never executed
    #####:  889:	      break;
        -:  890:	    }
        -:  891:	}
        -:  892:
        -:  893:
    #####:  894:      return 0;
        -:  895:		
        -:  896:    case smithy:
        -:  897:
        1:  898:      return smithyEffect(currentPlayer, state, handPos);
call    0 returned 100%
        -:  899:      	
        -:  900:    case village:
        -:  901:
        1:  902:      return villageEffect(currentPlayer, state, handPos);
call    0 returned 100%
        -:  903:	
        -:  904:    case baron:
    #####:  905:      state->numBuys++;//Increase buys by 1!
    #####:  906:      if (choice1 > 0){//Boolean true or going to discard an estate
branch  0 never executed
branch  1 never executed
    #####:  907:	int p = 0;//Iterator for hand!
    #####:  908:	int card_not_discarded = 1;//Flag for discard set!
    #####:  909:	while(card_not_discarded){
branch  0 never executed
branch  1 never executed
    #####:  910:	  if (state->hand[currentPlayer][p] == estate){//Found an estate card!
branch  0 never executed
branch  1 never executed
    #####:  911:	    state->coins += 4;//Add 4 coins to the amount of coins
    #####:  912:	    state->discard[currentPlayer][state->discardCount[currentPlayer]] = state->hand[currentPlayer][p];
    #####:  913:	    state->discardCount[currentPlayer]++;
    #####:  914:	    for (;p < state->handCount[currentPlayer]; p++){
branch  0 never executed
branch  1 never executed
    #####:  915:	      state->hand[currentPlayer][p] = state->hand[currentPlayer][p+1];
        -:  916:	    }
    #####:  917:	    state->hand[currentPlayer][state->handCount[currentPlayer]] = -1;
    #####:  918:	    state->handCount[currentPlayer]--;
    #####:  919:	    card_not_discarded = 0;//Exit the loop
        -:  920:	  }
    #####:  921:	  else if (p > state->handCount[currentPlayer]){
branch  0 never executed
branch  1 never executed
        -:  922:	    if(DEBUG) {
        -:  923:	      printf("No estate cards in your hand, invalid choice\n");
        -:  924:	      printf("Must gain an estate if there are any\n");
        -:  925:	    }
    #####:  926:	    if (supplyCount(estate, state) > 0){
call    0 never executed
branch  1 never executed
branch  2 never executed
    #####:  927:	      gainCard(estate, state, 0, currentPlayer);
call    0 never executed
    #####:  928:	      state->supplyCount[estate]--;//Decrement estates
    #####:  929:	      if (supplyCount(estate, state) == 0){
call    0 never executed
branch  1 never executed
branch  2 never executed
    #####:  930:		isGameOver(state);
call    0 never executed
        -:  931:	      }
        -:  932:	    }
    #####:  933:	    card_not_discarded = 0;//Exit the loop
        -:  934:	  }
        -:  935:			    
        -:  936:	  else{
    #####:  937:	    p++;//Next card
        -:  938:	  }
        -:  939:	}
        -:  940:      }
        -:  941:			    
        -:  942:      else{
    #####:  943:	if (supplyCount(estate, state) > 0){
call    0 never executed
branch  1 never executed
branch  2 never executed
    #####:  944:	  gainCard(estate, state, 0, currentPlayer);//Gain an estate
call    0 never executed
    #####:  945:	  state->supplyCount[estate]--;//Decrement Estates
    #####:  946:	  if (supplyCount(estate, state) == 0){
call    0 never executed
branch  1 never executed
branch  2 never executed
    #####:  947:	    isGameOver(state);
call    0 never executed
        -:  948:	  }
        -:  949:	}
        -:  950:      }
        -:  951:	    
        -:  952:      
    #####:  953:      return 0;
        -:  954:		
        -:  955:    case great_hall:
        -:  956:      //+1 Card
        1:  957:      drawCard(currentPlayer, state);
call    0 returned 100%
        -:  958:			
        -:  959:      //+1 Actions
        1:  960:      state->numActions++;
        -:  961:			
        -:  962:      //discard card from hand
        1:  963:      discardCard(handPos, currentPlayer, state, 0);
call    0 returned 100%
        1:  964:      return 0;
        -:  965:		
        -:  966:    case minion:
        -:  967:      //+1 action
    #####:  968:      state->numActions++;
        -:  969:			
        -:  970:      //discard card from hand
    #####:  971:      discardCard(handPos, currentPlayer, state, 0);
call    0 never executed
        -:  972:			
    #####:  973:      if (choice1)		//+2 coins
branch  0 never executed
branch  1 never executed
        -:  974:	{
    #####:  975:	  state->coins = state->coins + 2;
        -:  976:	}
        -:  977:			
    #####:  978:      else if (choice2)		//discard hand, redraw 4, other players with 5+ cards discard hand and draw 4
branch  0 never executed
branch  1 never executed
        -:  979:	{
        -:  980:	  //discard hand
    #####:  981:	  while(numHandCards(state) > 0)
call    0 never executed
branch  1 never executed
branch  2 never executed
        -:  982:	    {
    #####:  983:	      discardCard(handPos, currentPlayer, state, 0);
call    0 never executed
        -:  984:	    }
        -:  985:				
        -:  986:	  //draw 4
    #####:  987:	  for (i = 0; i < 4; i++)
branch  0 never executed
branch  1 never executed
        -:  988:	    {
    #####:  989:	      drawCard(currentPlayer, state);
call    0 never executed
        -:  990:	    }
        -:  991:				
        -:  992:	  //other players discard hand and redraw if hand size > 4
    #####:  993:	  for (i = 0; i < state->numPlayers; i++)
branch  0 never executed
branch  1 never executed
        -:  994:	    {
    #####:  995:	      if (i != currentPlayer)
branch  0 never executed
branch  1 never executed
        -:  996:		{
    #####:  997:		  if ( state->handCount[i] > 4 )
branch  0 never executed
branch  1 never executed
        -:  998:		    {
        -:  999:		      //discard hand
    #####: 1000:		      while( state->handCount[i] > 0 )
branch  0 never executed
branch  1 never executed
        -: 1001:			{
    #####: 1002:			  discardCard(handPos, i, state, 0);
call    0 never executed
        -: 1003:			}
        -: 1004:							
        -: 1005:		      //draw 4
    #####: 1006:		      for (j = 0; j < 4; j++)
branch  0 never executed
branch  1 never executed
        -: 1007:			{
    #####: 1008:			  drawCard(i, state);
call    0 never executed
        -: 1009:			}
        -: 1010:		    }
        -: 1011:		}
        -: 1012:	    }
        -: 1013:				
        -: 1014:	}
    #####: 1015:      return 0;
        -: 1016:		
        -: 1017:    case steward:
    #####: 1018:      if (choice1 == 1)
branch  0 never executed
branch  1 never executed
        -: 1019:	{
        -: 1020:	  //+2 cards
    #####: 1021:	  drawCard(currentPlayer, state);
call    0 never executed
    #####: 1022:	  drawCard(currentPlayer, state);
call    0 never executed
        -: 1023:	}
    #####: 1024:      else if (choice1 == 2)
branch  0 never executed
branch  1 never executed
        -: 1025:	{
        -: 1026:	  //+2 coins
    #####: 1027:	  state->coins = state->coins + 2;
        -: 1028:	}
        -: 1029:      else
        -: 1030:	{
        -: 1031:	  //trash 2 cards in hand
    #####: 1032:	  discardCard(choice2, currentPlayer, state, 1);
call    0 never executed
    #####: 1033:	  discardCard(choice3, currentPlayer, state, 1);
call    0 never executed
        -: 1034:	}
        -: 1035:			
        -: 1036:      //discard card from hand
    #####: 1037:      discardCard(handPos, currentPlayer, state, 0);
call    0 never executed
    #####: 1038:      return 0;
        -: 1039:		
        -: 1040:    case tribute:
    #####: 1041:      if ((state->discardCount[nextPlayer] + state->deckCount[nextPlayer]) <= 1){
branch  0 never executed
branch  1 never executed
    #####: 1042:	if (state->deckCount[nextPlayer] > 0){
branch  0 never executed
branch  1 never executed
    #####: 1043:	  tributeRevealedCards[0] = state->deck[nextPlayer][state->deckCount[nextPlayer]-1];
    #####: 1044:	  state->deckCount[nextPlayer]--;
        -: 1045:	}
    #####: 1046:	else if (state->discardCount[nextPlayer] > 0){
branch  0 never executed
branch  1 never executed
    #####: 1047:	  tributeRevealedCards[0] = state->discard[nextPlayer][state->discardCount[nextPlayer]-1];
    #####: 1048:	  state->discardCount[nextPlayer]--;
        -: 1049:	}
        -: 1050:	else{
        -: 1051:	  //No Card to Reveal
        -: 1052:	  if (DEBUG){
        -: 1053:	    printf("No cards to reveal\n");
        -: 1054:	  }
        -: 1055:	}
        -: 1056:      }
        -: 1057:	    
        -: 1058:      else{
    #####: 1059:	if (state->deckCount[nextPlayer] == 0){
branch  0 never executed
branch  1 never executed
    #####: 1060:	  for (i = 0; i < state->discardCount[nextPlayer]; i++){
branch  0 never executed
branch  1 never executed
    #####: 1061:	    state->deck[nextPlayer][i] = state->discard[nextPlayer][i];//Move to deck
    #####: 1062:	    state->deckCount[nextPlayer]++;
    #####: 1063:	    state->discard[nextPlayer][i] = -1;
    #####: 1064:	    state->discardCount[nextPlayer]--;
        -: 1065:	  }
        -: 1066:			    
    #####: 1067:	  shuffle(nextPlayer,state);//Shuffle the deck
call    0 never executed
        -: 1068:	} 
    #####: 1069:	tributeRevealedCards[0] = state->deck[nextPlayer][state->deckCount[nextPlayer]-1];
    #####: 1070:	state->deck[nextPlayer][state->deckCount[nextPlayer]--] = -1;
    #####: 1071:	state->deckCount[nextPlayer]--;
    #####: 1072:	tributeRevealedCards[1] = state->deck[nextPlayer][state->deckCount[nextPlayer]-1];
    #####: 1073:	state->deck[nextPlayer][state->deckCount[nextPlayer]--] = -1;
    #####: 1074:	state->deckCount[nextPlayer]--;
        -: 1075:      }    
        -: 1076:		       
    #####: 1077:      if (tributeRevealedCards[0] == tributeRevealedCards[1]){//If we have a duplicate card, just drop one 
branch  0 never executed
branch  1 never executed
    #####: 1078:	state->playedCards[state->playedCardCount] = tributeRevealedCards[1];
    #####: 1079:	state->playedCardCount++;
    #####: 1080:	tributeRevealedCards[1] = -1;
        -: 1081:      }
        -: 1082:
    #####: 1083:      for (i = 0; i <= 2; i ++){
branch  0 never executed
branch  1 never executed
    #####: 1084:	if (tributeRevealedCards[i] == copper || tributeRevealedCards[i] == silver || tributeRevealedCards[i] == gold){//Treasure cards
branch  0 never executed
branch  1 never executed
branch  2 never executed
branch  3 never executed
branch  4 never executed
branch  5 never executed
    #####: 1085:	  state->coins += 2;
        -: 1086:	}
        -: 1087:		    
    #####: 1088:	else if (tributeRevealedCards[i] == estate || tributeRevealedCards[i] == duchy || tributeRevealedCards[i] == province || tributeRevealedCards[i] == gardens || tributeRevealedCards[i] == great_hall){//Victory Card Found
branch  0 never executed
branch  1 never executed
branch  2 never executed
branch  3 never executed
branch  4 never executed
branch  5 never executed
branch  6 never executed
branch  7 never executed
branch  8 never executed
branch  9 never executed
    #####: 1089:	  drawCard(currentPlayer, state);
call    0 never executed
    #####: 1090:	  drawCard(currentPlayer, state);
call    0 never executed
        -: 1091:	}
        -: 1092:	else{//Action Card
    #####: 1093:	  state->numActions = state->numActions + 2;
        -: 1094:	}
        -: 1095:      }
        -: 1096:	    
    #####: 1097:      return 0;
        -: 1098:		
        -: 1099:    case ambassador:
    #####: 1100:      j = 0;		//used to check if player has enough cards to discard
        -: 1101:
    #####: 1102:      if (choice2 > 2 || choice2 < 0)
branch  0 never executed
branch  1 never executed
branch  2 never executed
branch  3 never executed
        -: 1103:	{
    #####: 1104:	  return -1;				
        -: 1105:	}
        -: 1106:
    #####: 1107:      if (choice1 == handPos)
branch  0 never executed
branch  1 never executed
        -: 1108:	{
    #####: 1109:	  return -1;
        -: 1110:	}
        -: 1111:
    #####: 1112:      for (i = 0; i < state->handCount[currentPlayer]; i++)
branch  0 never executed
branch  1 never executed
        -: 1113:	{
    #####: 1114:	  if (i != handPos && i == state->hand[currentPlayer][choice1] && i != choice1)
branch  0 never executed
branch  1 never executed
branch  2 never executed
branch  3 never executed
branch  4 never executed
branch  5 never executed
        -: 1115:	    {
    #####: 1116:	      j++;
        -: 1117:	    }
        -: 1118:	}
    #####: 1119:      if (j < choice2)
branch  0 never executed
branch  1 never executed
        -: 1120:	{
    #####: 1121:	  return -1;				
        -: 1122:	}
        -: 1123:
        -: 1124:      if (DEBUG) 
        -: 1125:	printf("Player %d reveals card number: %d\n", currentPlayer, state->hand[currentPlayer][choice1]);
        -: 1126:
        -: 1127:      //increase supply count for choosen card by amount being discarded
    #####: 1128:      state->supplyCount[state->hand[currentPlayer][choice1]] += choice2;
        -: 1129:			
        -: 1130:      //each other player gains a copy of revealed card
    #####: 1131:      for (i = 0; i < state->numPlayers; i++)
branch  0 never executed
branch  1 never executed
        -: 1132:	{
    #####: 1133:	  if (i != currentPlayer)
branch  0 never executed
branch  1 never executed
        -: 1134:	    {
    #####: 1135:	      gainCard(state->hand[currentPlayer][choice1], state, 0, i);
call    0 never executed
        -: 1136:	    }
        -: 1137:	}
        -: 1138:
        -: 1139:      //discard played card from hand
    #####: 1140:      discardCard(handPos, currentPlayer, state, 0);			
call    0 never executed
        -: 1141:
        -: 1142:      //trash copies of cards returned to supply
    #####: 1143:      for (j = 0; j < choice2; j++)
branch  0 never executed
branch  1 never executed
        -: 1144:	{
    #####: 1145:	  for (i = 0; i < state->handCount[currentPlayer]; i++)
branch  0 never executed
branch  1 never executed
        -: 1146:	    {
    #####: 1147:	      if (state->hand[currentPlayer][i] == state->hand[currentPlayer][choice1])
branch  0 never executed
branch  1 never executed
        -: 1148:		{
    #####: 1149:		  discardCard(i, currentPlayer, state, 1);
call    0 never executed
    #####: 1150:		  break;
        -: 1151:		}
        -: 1152:	    }
        -: 1153:	}			
        -: 1154:
    #####: 1155:      return 0;
        -: 1156:		
        -: 1157:    case cutpurse:
        -: 1158:
    #####: 1159:      updateCoins(currentPlayer, state, 2);
call    0 never executed
    #####: 1160:      for (i = 0; i < state->numPlayers; i++)
branch  0 never executed
branch  1 never executed
        -: 1161:	{
    #####: 1162:	  if (i != currentPlayer)
branch  0 never executed
branch  1 never executed
        -: 1163:	    {
    #####: 1164:	      for (j = 0; j < state->handCount[i]; j++)
branch  0 never executed
branch  1 never executed
        -: 1165:		{
    #####: 1166:		  if (state->hand[i][j] == copper)
branch  0 never executed
branch  1 never executed
        -: 1167:		    {
    #####: 1168:		      discardCard(j, i, state, 0);
call    0 never executed
    #####: 1169:		      break;
        -: 1170:		    }
    #####: 1171:		  if (j == state->handCount[i])
branch  0 never executed
branch  1 never executed
        -: 1172:		    {
    #####: 1173:		      for (k = 0; k < state->handCount[i]; k++)
branch  0 never executed
branch  1 never executed
        -: 1174:			{
        -: 1175:			  if (DEBUG)
        -: 1176:			    printf("Player %d reveals card number %d\n", i, state->hand[i][k]);
        -: 1177:			}	
    #####: 1178:		      break;
        -: 1179:		    }		
        -: 1180:		}
        -: 1181:					
        -: 1182:	    }
        -: 1183:				
        -: 1184:	}				
        -: 1185:
        -: 1186:      //discard played card from hand
    #####: 1187:      discardCard(handPos, currentPlayer, state, 0);			
call    0 never executed
        -: 1188:
    #####: 1189:      return 0;
        -: 1190:
        -: 1191:		
        -: 1192:    case embargo: 
        -: 1193:      //+2 Coins
    #####: 1194:      state->coins = state->coins + 2;
        -: 1195:			
        -: 1196:      //see if selected pile is in play
    #####: 1197:      if ( state->supplyCount[choice1] == -1 )
branch  0 never executed
branch  1 never executed
        -: 1198:	{
    #####: 1199:	  return -1;
        -: 1200:	}
        -: 1201:			
        -: 1202:      //add embargo token to selected supply pile
    #####: 1203:      state->embargoTokens[choice1]++;
        -: 1204:			
        -: 1205:      //trash card
    #####: 1206:      discardCard(handPos, currentPlayer, state, 1);		
call    0 never executed
    #####: 1207:      return 0;
        -: 1208:		
        -: 1209:    case outpost:
        -: 1210:
    #####: 1211:      return outpostEffect(currentPlayer, state, handPos);
call    0 never executed
        -: 1212:	
        -: 1213:    case salvager:
        -: 1214:      //+1 buy
    #####: 1215:      state->numBuys++;
        -: 1216:			
    #####: 1217:      if (choice1)
branch  0 never executed
branch  1 never executed
        -: 1218:	{
        -: 1219:	  //gain coins equal to trashed card
    #####: 1220:	  state->coins = state->coins + getCost( handCard(choice1, state) );
call    0 never executed
call    1 never executed
        -: 1221:	  //trash card
    #####: 1222:	  discardCard(choice1, currentPlayer, state, 1);	
call    0 never executed
        -: 1223:	}
        -: 1224:			
        -: 1225:      //discard card
    #####: 1226:      discardCard(handPos, currentPlayer, state, 0);
call    0 never executed
    #####: 1227:      return 0;
        -: 1228:		
        -: 1229:    case sea_hag:
    #####: 1230:      for (i = 0; i < state->numPlayers; i++){
branch  0 never executed
branch  1 never executed
    #####: 1231:	if (i != currentPlayer){
branch  0 never executed
branch  1 never executed
    #####: 1232:	  state->discard[i][state->discardCount[i]] = state->deck[i][state->deckCount[i]--];			    state->deckCount[i]--;
    #####: 1233:	  state->discardCount[i]++;
    #####: 1234:	  state->deck[i][state->deckCount[i]--] = curse;//Top card now a curse
        -: 1235:	}
        -: 1236:      }
    #####: 1237:      return 0;
        -: 1238:		
        -: 1239:    case treasure_map:
        -: 1240:      //search hand for another treasure_map
    #####: 1241:      index = -1;
    #####: 1242:      for (i = 0; i < state->handCount[currentPlayer]; i++)
branch  0 never executed
branch  1 never executed
        -: 1243:	{
    #####: 1244:	  if (state->hand[currentPlayer][i] == treasure_map && i != handPos)
branch  0 never executed
branch  1 never executed
branch  2 never executed
branch  3 never executed
        -: 1245:	    {
    #####: 1246:	      index = i;
    #####: 1247:	      break;
        -: 1248:	    }
        -: 1249:	}
    #####: 1250:      if (index > -1)
branch  0 never executed
branch  1 never executed
        -: 1251:	{
        -: 1252:	  //trash both treasure cards
    #####: 1253:	  discardCard(handPos, currentPlayer, state, 1);
call    0 never executed
    #####: 1254:	  discardCard(index, currentPlayer, state, 1);
call    0 never executed
        -: 1255:
        -: 1256:	  //gain 4 Gold cards
    #####: 1257:	  for (i = 0; i < 4; i++)
branch  0 never executed
branch  1 never executed
        -: 1258:	    {
    #####: 1259:	      gainCard(gold, state, 1, currentPlayer);
call    0 never executed
        -: 1260:	    }
        -: 1261:				
        -: 1262:	  //return success
    #####: 1263:	  return 1;
        -: 1264:	}
        -: 1265:			
        -: 1266:      //no second treasure_map found in hand
    #####: 1267:      return -1;
        -: 1268:    }
        -: 1269:	
    #####: 1270:  return -1;
        -: 1271:}
        -: 1272:
function discardCard called 6 returned 100% blocks executed 89%
        6: 1273:int discardCard(int handPos, int currentPlayer, struct gameState *state, int trashFlag)
        -: 1274:{
        -: 1275:	
        -: 1276:  //if card is not trashed, added to Played pile 
        6: 1277:  if (trashFlag < 1)
branch  0 taken 50% (fallthrough)
branch  1 taken 50%
        -: 1278:    {
        -: 1279:      //add card to played pile
        3: 1280:      state->playedCards[state->playedCardCount] = state->hand[currentPlayer][handPos]; 
        3: 1281:      state->playedCardCount++;
        -: 1282:    }
        -: 1283:	
        -: 1284:  //set played card to -1
        6: 1285:  state->hand[currentPlayer][handPos] = -1;
        -: 1286:	
        -: 1287:  //remove card from player's hand
        6: 1288:  if ( handPos == (state->handCount[currentPlayer] - 1) ) 	//last card in hand array is played
branch  0 taken 33% (fallthrough)
branch  1 taken 67%
        -: 1289:    {
        -: 1290:      //reduce number of cards in hand
        2: 1291:      state->handCount[currentPlayer]--;
        -: 1292:    }
        4: 1293:  else if ( state->handCount[currentPlayer] == 1 ) //only one card in hand
branch  0 taken 0% (fallthrough)
branch  1 taken 100%
        -: 1294:    {
        -: 1295:      //reduce number of cards in hand
    #####: 1296:      state->handCount[currentPlayer]--;
        -: 1297:    }
        -: 1298:  else 	
        -: 1299:    {
        -: 1300:      //replace discarded card with last card in hand
        4: 1301:      state->hand[currentPlayer][handPos] = state->hand[currentPlayer][ (state->handCount[currentPlayer] - 1)];
        -: 1302:      //set last card to -1
        4: 1303:      state->hand[currentPlayer][state->handCount[currentPlayer] - 1] = -1;
        -: 1304:      //reduce number of cards in hand
        4: 1305:      state->handCount[currentPlayer]--;
        -: 1306:    }
        -: 1307:	
        6: 1308:  return 0;
        -: 1309:}
        -: 1310:
function gainCard called 4 returned 100% blocks executed 100%
        4: 1311:int gainCard(int supplyPos, struct gameState *state, int toFlag, int player)
        -: 1312:{
        -: 1313:  //Note: supplyPos is enum of choosen card
        -: 1314:	
        -: 1315:  //check if supply pile is empty (0) or card is not used in game (-1)
        4: 1316:  if ( supplyCount(supplyPos, state) < 1 )
call    0 returned 100%
branch  1 taken 25% (fallthrough)
branch  2 taken 75%
        -: 1317:    {
        1: 1318:      return -1;
        -: 1319:    }
        -: 1320:	
        -: 1321:  //added card for [whoseTurn] current player:
        -: 1322:  // toFlag = 0 : add to discard
        -: 1323:  // toFlag = 1 : add to deck
        -: 1324:  // toFlag = 2 : add to hand
        -: 1325:
        3: 1326:  if (toFlag == 1)
branch  0 taken 33% (fallthrough)
branch  1 taken 67%
        -: 1327:    {
        1: 1328:      state->deck[ player ][ state->deckCount[player] ] = supplyPos;
        1: 1329:      state->deckCount[player]++;
        -: 1330:    }
        2: 1331:  else if (toFlag == 2)
branch  0 taken 50% (fallthrough)
branch  1 taken 50%
        -: 1332:    {
        1: 1333:      state->hand[ player ][ state->handCount[player] ] = supplyPos;
        1: 1334:      state->handCount[player]++;
        -: 1335:    }
        -: 1336:  else
        -: 1337:    {
        1: 1338:      state->discard[player][ state->discardCount[player] ] = supplyPos;
        1: 1339:      state->discardCount[player]++;
        -: 1340:    }
        -: 1341:	
        -: 1342:  //decrease number in supply pile
        3: 1343:  state->supplyCount[supplyPos]--;
        -: 1344:	 
        3: 1345:  return 0;
        -: 1346:}
        -: 1347:
function updateCoins called 10 returned 100% blocks executed 82%
       10: 1348:int updateCoins(int player, struct gameState *state, int bonus)
        -: 1349:{
        -: 1350:  int i;
        -: 1351:	
        -: 1352:  //reset coin count
       10: 1353:  state->coins = 0;
        -: 1354:
        -: 1355:  //add coins for each Treasure card in player's hand
       60: 1356:  for (i = 0; i < state->handCount[player]; i++)
branch  0 taken 83%
branch  1 taken 17% (fallthrough)
        -: 1357:    {
       50: 1358:      if (state->hand[player][i] == copper)
branch  0 taken 76% (fallthrough)
branch  1 taken 24%
        -: 1359:	{
       38: 1360:	  state->coins += 1;
        -: 1361:	}
       12: 1362:      else if (state->hand[player][i] == silver)
branch  0 taken 0% (fallthrough)
branch  1 taken 100%
        -: 1363:	{
    #####: 1364:	  state->coins += 2;
        -: 1365:	}
       12: 1366:      else if (state->hand[player][i] == gold)
branch  0 taken 0% (fallthrough)
branch  1 taken 100%
        -: 1367:	{
    #####: 1368:	  state->coins += 3;
        -: 1369:	}	
        -: 1370:    }	
        -: 1371:
        -: 1372:  //add bonus
       10: 1373:  state->coins += bonus;
        -: 1374:
       10: 1375:  return 0;
        -: 1376:}
        -: 1377:
        -: 1378:
        -: 1379://end of dominion.c
        -: 1380:
